2022-07-19T20:12:35Z <INFO:emu.grasscutter.Grasscutter> config.json could not be found. Generating a default configuration ...
2022-07-19T20:12:35Z <INFO:emu.grasscutter.data.DataLoader> Creating default 'EnergyDrop.json' data
2022-07-19T20:12:35Z <INFO:emu.grasscutter.data.DataLoader> Creating default 'ChestReward.json' data
2022-07-19T20:12:35Z <INFO:emu.grasscutter.data.DataLoader> Creating default 'GameAnnouncementList.json' data
2022-07-19T20:12:35Z <INFO:emu.grasscutter.data.DataLoader> Creating default 'ShopChest.json' data
2022-07-19T20:12:35Z <INFO:emu.grasscutter.data.DataLoader> Creating default 'Spawns.json' data
2022-07-19T20:12:35Z <INFO:emu.grasscutter.data.DataLoader> Creating default 'GadgetSpawns.json' data
2022-07-19T20:12:35Z <INFO:emu.grasscutter.data.DataLoader> Creating default 'Drop.json' data
2022-07-19T20:12:35Z <INFO:emu.grasscutter.data.DataLoader> Creating default 'ReliquaryDecompose.json' data
2022-07-19T20:12:35Z <INFO:emu.grasscutter.data.DataLoader> Creating default 'GameAnnouncement.json' data
2022-07-19T20:12:35Z <INFO:emu.grasscutter.data.DataLoader> Creating default 'TowerSchedule.json' data
2022-07-19T20:12:35Z <INFO:emu.grasscutter.data.DataLoader> Creating default 'SkillParticleGeneration.json' data
2022-07-19T20:12:35Z <INFO:emu.grasscutter.data.DataLoader> Creating default 'Banners.json' data
2022-07-19T20:12:35Z <INFO:emu.grasscutter.data.DataLoader> Creating default 'ShopChestBatchUse.json' data
2022-07-19T20:12:35Z <INFO:emu.grasscutter.data.DataLoader> Creating data folder 'documentation/'
2022-07-19T20:12:35Z <INFO:emu.grasscutter.data.DataLoader> Creating default 'documentation/handbook.html' data
2022-07-19T20:12:35Z <INFO:emu.grasscutter.data.DataLoader> Creating default 'documentation/index.html' data
2022-07-19T20:12:35Z <INFO:emu.grasscutter.data.DataLoader> Creating default 'ExpeditionReward.json' data
2022-07-19T20:12:35Z <INFO:emu.grasscutter.data.DataLoader> Creating default 'ActivityConfig.json' data
2022-07-19T20:12:35Z <INFO:emu.grasscutter.data.DataLoader> Creating default 'Announcement.json' data
2022-07-19T20:12:35Z <INFO:emu.grasscutter.data.DataLoader> Creating default 'Shop.json' data
2022-07-19T20:12:35Z <INFO:emu.grasscutter.data.DataLoader> Creating default 'DungeonDrop.json' data
2022-07-19T20:12:35Z <INFO:emu.grasscutter.data.DataLoader> Creating data folder 'gacha/'
2022-07-19T20:12:35Z <INFO:emu.grasscutter.data.DataLoader> Creating default 'gacha/records.html' data
2022-07-19T20:12:35Z <INFO:emu.grasscutter.data.DataLoader> Creating default 'gacha/details.html' data
2022-07-19T20:12:35Z <INFO:emu.grasscutter.data.DataLoader> Creating default './data/gacha/mappings.js' data
2022-07-19T20:12:42Z <INFO:emu.grasscutter.tools.Tools> Invalid option. Will use EN(English) as fallback
2022-07-19T20:12:45Z <INFO:emu.grasscutter.tools.ToolsWithLanguageOption> Mappings generated to ./data/gacha/mappings.js !
2022-07-19T20:12:45Z <INFO:emu.grasscutter.Grasscutter> Starting Grasscutter...
2022-07-19T20:12:45Z <INFO:emu.grasscutter.Grasscutter> Game version: 2.8.0
2022-07-19T20:12:45Z <INFO:emu.grasscutter.Grasscutter> Grasscutter version: 1.2.2-dev-cff4be5
2022-07-19T20:12:45Z <INFO:emu.grasscutter.data.ResourceLoader> Loading resources...
2022-07-19T20:12:46Z <INFO:emu.grasscutter.data.ResourceLoader> Finished loading resources.
